[debug] [2022-01-09T04:47:19.848Z] ----------------------------------------------------------------------
[debug] [2022-01-09T04:47:19.851Z] Command:       C:\Program Files\nodejs\node.exe C:\Users\Rakib\AppData\Roaming\npm\node_modules\firebase-tools\lib\bin\firebase.js init
[debug] [2022-01-09T04:47:19.851Z] CLI Version:   10.0.1
[debug] [2022-01-09T04:47:19.851Z] Platform:      win32
[debug] [2022-01-09T04:47:19.851Z] Node Version:  v14.17.3
[debug] [2022-01-09T04:47:19.852Z] Time:          Sun Jan 09 2022 10:47:19 GMT+0600 (Bangladesh Standard Time)
[debug] [2022-01-09T04:47:19.852Z] ----------------------------------------------------------------------
[debug] 
[debug] [2022-01-09T04:47:19.909Z] > command requires scopes: ["email","openid","https://www.googleapis.com/auth/cloudplatformprojects.readonly","https://www.googleapis.com/auth/firebase","https://www.googleapis.com/auth/cloud-platform"]
[debug] [2022-01-09T04:47:19.910Z] > authorizing via signed-in user (rakibabdullah011@gmail.com)
[info] 
     ######## #### ########  ######## ########     ###     ######  ########
     ##        ##  ##     ## ##       ##     ##  ##   ##  ##       ##
     ######    ##  ########  ######   ########  #########  ######  ######
     ##        ##  ##    ##  ##       ##     ## ##     ##       ## ##
     ##       #### ##     ## ######## ########  ##     ##  ######  ########

You're about to initialize a Firebase project in this directory:

  D:\react-professional-project\Red-Onion-Online-Food-Delivery-App

Before we get started, keep in mind:

  * You are initializing within an existing Firebase project directory

[info] 
=== Project Setup
[info] 
[info] First, let's associate this project directory with a Firebase project.
[info] You can create multiple project aliases by running firebase use --add, 
[info] but for now we'll just set up a default project.
[info] 
[debug] [2022-01-09T04:47:26.093Z] Using project from CLI flag: red-onion-online-food-946d6
[debug] [2022-01-09T04:47:26.098Z] >>> [apiv2][query] GET https://firebase.googleapis.com/v1beta1/projects/red-onion-online-food-946d6 [none]
[debug] [2022-01-09T04:47:26.632Z] <<< [apiv2][status] GET https://firebase.googleapis.com/v1beta1/projects/red-onion-online-food-946d6 403
[debug] [2022-01-09T04:47:26.632Z] <<< [apiv2][body] GET https://firebase.googleapis.com/v1beta1/projects/red-onion-online-food-946d6 {"error":{"code":403,"message":"The caller does not have permission","status":"PERMISSION_DENIED"}}
[debug] [2022-01-09T04:47:26.633Z] HTTP Error: 403, The caller does not have permission
[debug] [2022-01-09T04:47:26.858Z] FirebaseError: HTTP Error: 403, The caller does not have permission
    at module.exports (C:\Users\Rakib\AppData\Roaming\npm\node_modules\firebase-tools\lib\responseToError.js:38:12)
    at Client.doRequest (C:\Users\Rakib\AppData\Roaming\npm\node_modules\firebase-tools\lib\apiv2.js:241:23)
    at processTicksAndRejections (internal/process/task_queues.js:95:5)
    at async Client.request (C:\Users\Rakib\AppData\Roaming\npm\node_modules\firebase-tools\lib\apiv2.js:96:20)
    at async Object.getFirebaseProject (C:\Users\Rakib\AppData\Roaming\npm\node_modules\firebase-tools\lib\management\projects.js:290:21)
    at async Object.doSetup [as project] (C:\Users\Rakib\AppData\Roaming\npm\node_modules\firebase-tools\lib\init\features\project.js:85:27)
    at async init (C:\Users\Rakib\AppData\Roaming\npm\node_modules\firebase-tools\lib\init\index.js:19:9)
[error] 
[error] Error: Failed to get Firebase project red-onion-online-food-946d6. Please make sure the project exists and your account has permission to access it.
